<?xml version="1.0" encoding="UTF-8"?>
<!-- Generated by org.testng.reporters.JUnitReportReporter -->
<testsuite hostname="DESKTOP-MBMFGHJ" failures="0" tests="4" name="dataBseTesting.myTestCases" time="3.953" errors="0" timestamp="2024-07-05T17:19:02 EEST" skipped="0">
  <testcase classname="dataBseTesting.myTestCases" name="addData" time="0.057"/>
  <testcase classname="dataBseTesting.myTestCases" name="updateData" time="0.012"/>
  <testcase classname="dataBseTesting.myTestCases" name="getData" time="3.872"/>
  <testcase classname="dataBseTesting.myTestCases" name="deleteData" time="0.012"/>
</testsuite> <!-- dataBseTesting.myTestCases -->
